[19:07:34] Detected person (1.00)
[19:07:34] Detected person (0.52)
[19:11:21] Detected person (1.00)
[19:11:26] 📧 Email alert sent to touheedmasjid05@gmail.com
[19:11:30] 📲 Telegram alert sent to chat_id 1715978704
▶ Webcam started...
[19:11:30] Detected person (1.00)
[19:11:30] Detected person (0.45)
[19:11:30] ⏳ Cooldown active, skipping alert...
[19:11:30] ⏳ Cooldown active, skipping alert...
[19:11:31] Detected person (1.00)
[19:11:31] Detected person (0.53)
[19:11:31] ⏳ Cooldown active, skipping alert...
[19:11:31] ⏳ Cooldown active, skipping alert...
[19:11:31] Detected person (1.00)
[19:11:31] Detected person (0.66)
[19:11:31] ⏳ Cooldown active, skipping alert...
[19:11:31] ⏳ Cooldown active, skipping alert...
[19:11:31] Detected person (1.00)
[19:11:31] Detected person (0.45)
[19:11:31] ⏳ Cooldown active, skipping alert...
[19:11:31] ⏳ Cooldown active, skipping alert...
[19:11:32] Detected person (1.00)
[19:11:32] ⏳ Cooldown active, skipping alert...
[19:11:32] Detected person (1.00)
[19:11:32] Detected person (0.36)
[19:11:32] ⏳ Cooldown active, skipping alert...
[19:11:32] ⏳ Cooldown active, skipping alert...
[19:11:33] Detected person (1.00)
[19:11:33] Detected person (0.41)
[19:11:33] ⏳ Cooldown active, skipping alert...
[19:11:33] ⏳ Cooldown active, skipping alert...
[19:11:33] Detected person (1.00)
[19:11:33] Detected person (0.32)
[19:11:33] ⏳ Cooldown active, skipping alert...
[19:11:33] ⏳ Cooldown active, skipping alert...
[19:11:34] Detected person (1.00)
[19:11:34] ⏳ Cooldown active, skipping alert...
[19:11:34] Detected person (0.99)
[19:11:34] ⏳ Cooldown active, skipping alert...
[19:11:34] Detected person (0.99)
[19:11:34] ⏳ Cooldown active, skipping alert...
[19:11:35] Detected person (0.98)
[19:11:35] ⏳ Cooldown active, skipping alert...
[19:11:35] Detected person (0.99)
[19:11:35] ⏳ Cooldown active, skipping alert...
[19:11:36] Detected person (1.00)
[19:11:36] Detected person (0.75)
[19:11:36] ⏳ Cooldown active, skipping alert...
[19:11:36] ⏳ Cooldown active, skipping alert...
[19:11:36] Detected person (0.98)
[19:11:36] Detected person (0.94)
[19:11:36] ⏳ Cooldown active, skipping alert...
[19:11:36] ⏳ Cooldown active, skipping alert...
[19:11:36] Detected person (1.00)
[19:11:36] Detected person (0.90)
[19:11:36] ⏳ Cooldown active, skipping alert...
[19:11:36] ⏳ Cooldown active, skipping alert...
[19:11:37] Detected person (0.99)
[19:11:37] Detected person (0.91)
[19:11:37] ⏳ Cooldown active, skipping alert...
[19:11:37] ⏳ Cooldown active, skipping alert...
[19:11:37] Detected person (1.00)
[19:11:37] Detected person (0.86)
[19:11:37] Detected clock (0.83)
[19:11:37] ⏳ Cooldown active, skipping alert...
[19:11:37] ⏳ Cooldown active, skipping alert...
[19:11:38] Detected person (0.99)
[19:11:38] Detected person (0.93)
[19:11:38] Detected clock (0.73)
[19:11:38] ⏳ Cooldown active, skipping alert...
[19:11:38] ⏳ Cooldown active, skipping alert...
[19:11:38] Detected person (0.99)
[19:11:38] Detected person (0.90)
[19:11:38] Detected clock (0.75)
[19:11:38] ⏳ Cooldown active, skipping alert...
[19:11:38] ⏳ Cooldown active, skipping alert...
[19:11:39] Detected person (0.91)
[19:11:39] Detected person (0.90)
[19:11:39] Detected clock (0.57)
[19:11:39] ⏳ Cooldown active, skipping alert...
[19:11:39] ⏳ Cooldown active, skipping alert...
[19:11:39] Detected person (0.84)
[19:11:39] Detected person (0.83)
[19:11:39] Detected clock (0.67)
[19:11:39] ⏳ Cooldown active, skipping alert...
[19:11:39] ⏳ Cooldown active, skipping alert...
[19:11:39] Detected person (0.82)
[19:11:39] Detected person (0.91)
[19:11:39] Detected clock (0.82)
[19:11:39] ⏳ Cooldown active, skipping alert...
[19:11:39] ⏳ Cooldown active, skipping alert...
[19:11:40] Detected person (0.82)
[19:11:40] Detected person (0.88)
[19:11:40] Detected clock (0.42)
[19:11:40] ⏳ Cooldown active, skipping alert...
[19:11:40] ⏳ Cooldown active, skipping alert...
[19:11:40] Detected person (0.78)
[19:11:40] Detected person (0.95)
[19:11:40] Detected clock (0.62)
[19:11:40] ⏳ Cooldown active, skipping alert...
[19:11:40] ⏳ Cooldown active, skipping alert...
[19:11:41] Detected person (0.89)
[19:11:41] Detected person (0.92)
[19:11:41] Detected clock (0.95)
[19:11:41] ⏳ Cooldown active, skipping alert...
[19:11:41] ⏳ Cooldown active, skipping alert...
[19:11:41] Detected person (0.78)
[19:11:41] Detected person (0.91)
[19:11:41] Detected clock (0.84)
[19:11:41] ⏳ Cooldown active, skipping alert...
[19:11:41] ⏳ Cooldown active, skipping alert...
[19:11:41] Detected person (0.90)
[19:11:41] Detected person (0.90)
[19:11:41] Detected clock (0.82)
[19:11:41] ⏳ Cooldown active, skipping alert...
[19:11:41] ⏳ Cooldown active, skipping alert...
[19:11:42] Detected person (0.80)
[19:11:42] Detected person (0.87)
[19:11:42] Detected clock (0.84)
[19:11:42] ⏳ Cooldown active, skipping alert...
[19:11:42] ⏳ Cooldown active, skipping alert...
[19:11:42] Detected person (0.95)
[19:11:42] Detected person (0.87)
[19:11:42] Detected clock (0.48)
[19:11:42] ⏳ Cooldown active, skipping alert...
[19:11:42] ⏳ Cooldown active, skipping alert...
[19:11:43] Detected person (0.48)
[19:11:43] Detected person (0.86)
[19:11:43] Detected clock (0.87)
[19:11:43] ⏳ Cooldown active, skipping alert...
[19:11:43] ⏳ Cooldown active, skipping alert...
[19:11:43] Detected person (0.97)
[19:11:43] Detected person (0.91)
[19:11:43] ⏳ Cooldown active, skipping alert...
[19:11:43] ⏳ Cooldown active, skipping alert...
[19:11:43] Detected person (1.00)
[19:11:43] Detected person (0.94)
[19:11:43] ⏳ Cooldown active, skipping alert...
[19:11:43] ⏳ Cooldown active, skipping alert...
[19:11:44] Detected person (1.00)
[19:11:44] Detected person (0.90)
[19:11:44] ⏳ Cooldown active, skipping alert...
[19:11:44] ⏳ Cooldown active, skipping alert...
[19:11:44] Detected person (1.00)
[19:11:44] Detected person (0.89)
[19:11:44] ⏳ Cooldown active, skipping alert...
[19:11:44] ⏳ Cooldown active, skipping alert...
[19:11:45] Detected person (1.00)
[19:11:45] Detected person (0.82)
[19:11:45] ⏳ Cooldown active, skipping alert...
[19:11:45] ⏳ Cooldown active, skipping alert...
[19:11:45] Detected person (1.00)
[19:11:45] Detected person (0.31)
[19:11:45] ⏳ Cooldown active, skipping alert...
[19:11:45] ⏳ Cooldown active, skipping alert...
[19:11:45] Detected person (1.00)
[19:11:45] Detected person (0.78)
[19:11:45] ⏳ Cooldown active, skipping alert...
[19:11:45] ⏳ Cooldown active, skipping alert...
[19:11:46] Detected person (1.00)
[19:11:46] Detected person (0.89)
[19:11:46] ⏳ Cooldown active, skipping alert...
[19:11:46] ⏳ Cooldown active, skipping alert...
[19:11:46] Detected person (1.00)
[19:11:46] ⏳ Cooldown active, skipping alert...
[19:11:47] Detected person (1.00)
[19:11:47] Detected clock (0.72)
[19:11:47] ⏳ Cooldown active, skipping alert...
[19:11:47] Detected person (1.00)
[19:11:47] ⏳ Cooldown active, skipping alert...
[19:11:47] Detected person (1.00)
[19:11:47] ⏳ Cooldown active, skipping alert...
[19:11:48] Detected person (1.00)
[19:11:48] ⏳ Cooldown active, skipping alert...
[19:11:48] Detected person (1.00)
[19:11:48] ⏳ Cooldown active, skipping alert...
[19:11:49] Detected person (1.00)
[19:11:49] ⏳ Cooldown active, skipping alert...
[19:11:49] Detected person (1.00)
[19:11:49] ⏳ Cooldown active, skipping alert...
[19:11:50] Detected person (1.00)
[19:11:50] ⏳ Cooldown active, skipping alert...
[19:11:50] Detected person (1.00)
[19:11:50] ⏳ Cooldown active, skipping alert...
[19:11:50] Detected person (1.00)
[19:11:50] ⏳ Cooldown active, skipping alert...
[19:11:51] Detected person (1.00)
[19:11:56] 📧 Email alert sent to touheedmasjid05@gmail.com
[19:11:59] 📲 Telegram alert sent to chat_id 1715978704
[19:12:00] Detected person (1.00)
[19:12:00] Detected person (0.68)
[19:12:00] ⏳ Cooldown active, skipping alert...
[19:12:00] ⏳ Cooldown active, skipping alert...
[19:12:00] Detected person (1.00)
[19:12:00] Detected person (0.30)
[19:12:00] ⏳ Cooldown active, skipping alert...
[19:12:00] ⏳ Cooldown active, skipping alert...
[19:12:00] Detected person (0.99)
[19:12:00] Detected person (0.42)
[19:12:00] ⏳ Cooldown active, skipping alert...
[19:12:00] ⏳ Cooldown active, skipping alert...
[19:12:01] Detected person (1.00)
[19:12:01] Detected person (0.61)
[19:12:01] ⏳ Cooldown active, skipping alert...
[19:12:01] ⏳ Cooldown active, skipping alert...
[19:12:01] Detected person (1.00)
[19:12:01] Detected person (0.82)
[19:12:01] ⏳ Cooldown active, skipping alert...
[19:12:01] ⏳ Cooldown active, skipping alert...
[19:12:02] Detected person (1.00)
[19:12:02] Detected person (0.83)
[19:12:02] ⏳ Cooldown active, skipping alert...
[19:12:02] ⏳ Cooldown active, skipping alert...
[19:12:02] Detected person (1.00)
[19:12:02] Detected person (0.64)
[19:12:02] ⏳ Cooldown active, skipping alert...
[19:12:02] ⏳ Cooldown active, skipping alert...
[19:12:02] Detected person (1.00)
[19:12:02] Detected person (0.55)
[19:12:02] ⏳ Cooldown active, skipping alert...
[19:12:02] ⏳ Cooldown active, skipping alert...
[19:12:03] Detected person (1.00)
[19:12:03] Detected person (0.66)
[19:12:03] ⏳ Cooldown active, skipping alert...
[19:12:03] ⏳ Cooldown active, skipping alert...
[19:12:03] Detected person (1.00)
[19:12:03] Detected person (0.79)
[19:12:03] ⏳ Cooldown active, skipping alert...
[19:12:03] ⏳ Cooldown active, skipping alert...
[19:12:04] Detected person (1.00)
[19:12:04] Detected person (0.72)
[19:12:04] ⏳ Cooldown active, skipping alert...
[19:12:04] ⏳ Cooldown active, skipping alert...
[19:12:04] Detected person (1.00)
[19:12:04] Detected person (0.76)
[19:12:04] ⏳ Cooldown active, skipping alert...
[19:12:04] ⏳ Cooldown active, skipping alert...
[19:12:05] Detected person (1.00)
[19:12:05] Detected person (0.70)
[19:12:05] ⏳ Cooldown active, skipping alert...
[19:12:05] ⏳ Cooldown active, skipping alert...
[19:12:05] Detected person (1.00)
[19:12:05] Detected person (0.82)
[19:12:05] ⏳ Cooldown active, skipping alert...
[19:12:05] ⏳ Cooldown active, skipping alert...
[19:12:05] Detected person (1.00)
[19:12:05] Detected person (0.68)
[19:12:05] ⏳ Cooldown active, skipping alert...
[19:12:05] ⏳ Cooldown active, skipping alert...
[19:12:06] Detected person (1.00)
[19:12:06] Detected person (0.59)
[19:12:06] ⏳ Cooldown active, skipping alert...
[19:12:06] ⏳ Cooldown active, skipping alert...
[19:12:06] Detected person (1.00)
[19:12:06] Detected person (0.78)
[19:12:06] ⏳ Cooldown active, skipping alert...
[19:12:06] ⏳ Cooldown active, skipping alert...
[19:12:07] Detected person (1.00)
[19:12:07] Detected person (0.65)
[19:12:07] ⏳ Cooldown active, skipping alert...
[19:12:07] ⏳ Cooldown active, skipping alert...
[19:12:07] Detected person (1.00)
[19:12:07] Detected person (0.84)
[19:12:07] ⏳ Cooldown active, skipping alert...
[19:12:07] ⏳ Cooldown active, skipping alert...
[19:12:07] Detected person (1.00)
[19:12:07] Detected person (0.83)
[19:12:07] ⏳ Cooldown active, skipping alert...
[19:12:07] ⏳ Cooldown active, skipping alert...
[19:12:08] Detected person (1.00)
[19:12:08] Detected person (0.66)
[19:12:08] ⏳ Cooldown active, skipping alert...
[19:12:08] ⏳ Cooldown active, skipping alert...
[19:12:08] Detected person (1.00)
[19:12:08] Detected person (0.66)
[19:12:08] ⏳ Cooldown active, skipping alert...
[19:12:08] ⏳ Cooldown active, skipping alert...
[19:12:09] Detected person (1.00)
[19:12:09] Detected person (0.76)
[19:12:09] ⏳ Cooldown active, skipping alert...
[19:12:09] ⏳ Cooldown active, skipping alert...
[19:12:09] Detected person (1.00)
[19:12:09] Detected person (0.58)
[19:12:09] ⏳ Cooldown active, skipping alert...
[19:12:09] ⏳ Cooldown active, skipping alert...
[19:12:10] Detected person (1.00)
[19:12:10] Detected person (0.94)
[19:12:10] ⏳ Cooldown active, skipping alert...
[19:12:10] ⏳ Cooldown active, skipping alert...
[19:12:10] Detected person (1.00)
[19:12:10] Detected person (0.93)
[19:12:10] ⏳ Cooldown active, skipping alert...
[19:12:10] ⏳ Cooldown active, skipping alert...
[19:12:10] Detected person (1.00)
[19:12:10] ⏳ Cooldown active, skipping alert...
[19:12:11] Detected person (1.00)
[19:12:11] ⏳ Cooldown active, skipping alert...
[19:12:11] Detected person (1.00)
[19:12:11] ⏳ Cooldown active, skipping alert...
[19:12:12] Detected person (1.00)
[19:12:12] ⏳ Cooldown active, skipping alert...
[19:12:12] Detected person (1.00)
[19:12:12] ⏳ Cooldown active, skipping alert...
[19:12:12] Detected person (1.00)
[19:12:12] ⏳ Cooldown active, skipping alert...
[19:12:13] Detected person (1.00)
[19:12:13] ⏳ Cooldown active, skipping alert...
[19:12:13] Detected person (1.00)
[19:12:13] ⏳ Cooldown active, skipping alert...
[19:12:14] Detected person (1.00)
[19:12:14] ⏳ Cooldown active, skipping alert...
[19:12:14] Detected person (1.00)
[19:12:14] ⏳ Cooldown active, skipping alert...
[19:12:15] Detected person (1.00)
[19:12:15] ⏳ Cooldown active, skipping alert...
[19:12:15] Detected person (1.00)
[19:12:15] ⏳ Cooldown active, skipping alert...
[19:12:15] Detected person (1.00)
[19:12:15] ⏳ Cooldown active, skipping alert...
[19:12:16] Detected person (1.00)
[19:12:16] ⏳ Cooldown active, skipping alert...
[19:12:16] Detected person (1.00)
[19:12:16] Detected person (0.73)
[19:12:16] ⏳ Cooldown active, skipping alert...
[19:12:16] ⏳ Cooldown active, skipping alert...
[19:12:17] Detected person (1.00)
[19:12:17] Detected person (0.75)
[19:12:17] ⏳ Cooldown active, skipping alert...
[19:12:17] ⏳ Cooldown active, skipping alert...
[19:12:17] Detected person (1.00)
[19:12:17] Detected person (0.81)
[19:12:17] ⏳ Cooldown active, skipping alert...
[19:12:17] ⏳ Cooldown active, skipping alert...
[19:12:17] Detected person (1.00)
[19:12:17] Detected person (0.77)
[19:12:17] ⏳ Cooldown active, skipping alert...
[19:12:17] ⏳ Cooldown active, skipping alert...
[19:12:18] Detected person (1.00)
[19:12:18] Detected person (0.69)
[19:12:18] ⏳ Cooldown active, skipping alert...
[19:12:18] ⏳ Cooldown active, skipping alert...
[19:12:18] Detected person (1.00)
[19:12:18] Detected person (0.74)
[19:12:18] ⏳ Cooldown active, skipping alert...
[19:12:18] ⏳ Cooldown active, skipping alert...
[19:12:19] Detected person (1.00)
[19:12:19] Detected person (0.63)
[19:12:19] ⏳ Cooldown active, skipping alert...
[19:12:19] ⏳ Cooldown active, skipping alert...
[19:12:19] Detected person (1.00)
[19:12:19] Detected person (0.56)
[19:12:19] ⏳ Cooldown active, skipping alert...
[19:12:19] ⏳ Cooldown active, skipping alert...
[19:12:20] Detected person (1.00)
[19:12:20] Detected person (0.62)
[19:12:20] ⏳ Cooldown active, skipping alert...
[19:12:20] ⏳ Cooldown active, skipping alert...
[19:12:20] Detected person (1.00)
[19:12:20] Detected person (0.59)
[19:12:20] ⏳ Cooldown active, skipping alert...
[19:12:20] ⏳ Cooldown active, skipping alert...
[19:12:20] Detected person (1.00)
[19:12:20] Detected person (0.54)
[19:12:20] ⏳ Cooldown active, skipping alert...
[19:12:20] ⏳ Cooldown active, skipping alert...
[19:12:21] Detected person (1.00)
[19:12:21] Detected person (0.61)
[19:12:21] ⏳ Cooldown active, skipping alert...
[19:12:21] ⏳ Cooldown active, skipping alert...
[19:12:21] Detected person (1.00)
[19:12:21] Detected person (0.65)
[19:12:26] 📧 Email alert sent to touheedmasjid05@gmail.com
[19:12:29] 📲 Telegram alert sent to chat_id 1715978704
[19:12:29] ⏳ Cooldown active, skipping alert...
[19:12:30] Detected person (1.00)
[19:12:30] Detected person (0.62)
[19:12:30] ⏳ Cooldown active, skipping alert...
[19:12:30] ⏳ Cooldown active, skipping alert...
[19:12:30] Detected person (1.00)
[19:12:30] Detected person (0.43)
[19:12:30] ⏳ Cooldown active, skipping alert...
[19:12:30] ⏳ Cooldown active, skipping alert...
[19:12:31] Detected person (0.98)
[19:12:31] ⏳ Cooldown active, skipping alert...
[19:12:31] Detected person (1.00)
[19:12:31] Detected person (0.47)
[19:12:31] ⏳ Cooldown active, skipping alert...
[19:12:31] ⏳ Cooldown active, skipping alert...
[19:12:31] Detected person (1.00)
[19:12:31] ⏳ Cooldown active, skipping alert...
[19:12:32] Detected person (1.00)
[19:12:32] Detected person (0.63)
[19:12:32] ⏳ Cooldown active, skipping alert...
[19:12:32] ⏳ Cooldown active, skipping alert...
[19:12:32] Detected person (0.96)
[19:12:32] ⏳ Cooldown active, skipping alert...
[19:12:33] Detected person (1.00)
[19:12:33] Detected person (0.69)
[19:12:33] ⏳ Cooldown active, skipping alert...
[19:12:33] ⏳ Cooldown active, skipping alert...
[19:12:33] Detected person (1.00)
[19:12:33] Detected person (0.56)
[19:12:33] ⏳ Cooldown active, skipping alert...
[19:12:33] ⏳ Cooldown active, skipping alert...
[19:12:33] Detected person (1.00)
[19:12:33] Detected person (0.34)
[19:12:33] ⏳ Cooldown active, skipping alert...
[19:12:33] ⏳ Cooldown active, skipping alert...
[19:12:34] Detected person (1.00)
[19:12:34] Detected person (0.35)
[19:12:34] ⏳ Cooldown active, skipping alert...
[19:12:34] ⏳ Cooldown active, skipping alert...
[19:12:34] Detected person (0.98)
[19:12:34] Detected person (0.38)
[19:12:34] ⏳ Cooldown active, skipping alert...
[19:12:34] ⏳ Cooldown active, skipping alert...
[19:12:35] Detected person (1.00)
[19:12:35] Detected person (0.30)
[19:12:35] ⏳ Cooldown active, skipping alert...
[19:12:35] ⏳ Cooldown active, skipping alert...
[19:12:35] Detected person (0.99)
[19:12:35] Detected person (0.49)
[19:12:35] ⏳ Cooldown active, skipping alert...
[19:12:35] ⏳ Cooldown active, skipping alert...
[19:12:35] Detected person (0.95)
[19:12:35] Detected person (0.33)
[19:12:35] ⏳ Cooldown active, skipping alert...
[19:12:35] ⏳ Cooldown active, skipping alert...
[19:12:36] Detected person (0.99)
[19:12:36] Detected person (0.40)
[19:12:36] ⏳ Cooldown active, skipping alert...
[19:12:36] ⏳ Cooldown active, skipping alert...
[19:12:36] Detected person (0.99)
[19:12:36] ⏳ Cooldown active, skipping alert...
[19:12:37] Detected person (1.00)
[19:12:37] Detected person (0.44)
[19:12:37] ⏳ Cooldown active, skipping alert...
[19:12:37] ⏳ Cooldown active, skipping alert...
[19:12:37] Detected person (1.00)
[19:12:37] ⏳ Cooldown active, skipping alert...
[19:12:38] Detected person (1.00)
[19:12:38] Detected person (0.32)
[19:12:38] ⏳ Cooldown active, skipping alert...
[19:12:38] ⏳ Cooldown active, skipping alert...
[19:12:38] Detected person (1.00)
[19:12:38] Detected person (0.30)
[19:12:38] ⏳ Cooldown active, skipping alert...
[19:12:38] ⏳ Cooldown active, skipping alert...
[19:12:38] Detected person (1.00)
[19:12:38] ⏳ Cooldown active, skipping alert...
[19:12:39] Detected person (1.00)
[19:12:39] ⏳ Cooldown active, skipping alert...
[19:12:39] Detected person (1.00)
[19:12:39] Detected person (0.43)
[19:12:39] ⏳ Cooldown active, skipping alert...
[19:12:39] ⏳ Cooldown active, skipping alert...
[19:12:40] Detected person (1.00)
[19:12:40] Detected person (0.33)
[19:12:40] ⏳ Cooldown active, skipping alert...
[19:12:40] ⏳ Cooldown active, skipping alert...
[19:12:40] Detected person (1.00)
[19:12:40] Detected person (0.39)
[19:12:40] ⏳ Cooldown active, skipping alert...
[19:12:40] ⏳ Cooldown active, skipping alert...
[19:12:41] Detected person (1.00)
[19:12:41] Detected person (0.31)
[19:12:41] ⏳ Cooldown active, skipping alert...
[19:12:41] ⏳ Cooldown active, skipping alert...
[19:12:41] Detected person (1.00)
[19:12:41] Detected person (0.44)
[19:12:41] ⏳ Cooldown active, skipping alert...
[19:12:41] ⏳ Cooldown active, skipping alert...
[19:12:41] Detected person (1.00)
[19:12:41] ⏳ Cooldown active, skipping alert...
[19:12:42] Detected person (1.00)
[19:12:42] ⏳ Cooldown active, skipping alert...
[19:12:42] Detected person (1.00)
[19:12:42] ⏳ Cooldown active, skipping alert...
[19:12:43] Detected person (1.00)
[19:12:43] ⏳ Cooldown active, skipping alert...
[19:12:43] Detected person (1.00)
[19:12:43] ⏳ Cooldown active, skipping alert...
[19:12:43] Detected person (1.00)
[19:12:43] ⏳ Cooldown active, skipping alert...
[19:12:44] Detected person (1.00)
[19:12:44] ⏳ Cooldown active, skipping alert...
[19:12:44] Detected person (0.87)
[19:12:44] ⏳ Cooldown active, skipping alert...
[19:12:45] Detected person (1.00)
[19:12:45] ⏳ Cooldown active, skipping alert...
[19:12:45] Detected person (1.00)
[19:12:45] ⏳ Cooldown active, skipping alert...
[19:12:46] Detected person (1.00)
[19:12:46] ⏳ Cooldown active, skipping alert...
[19:12:46] Detected person (1.00)
[19:12:46] ⏳ Cooldown active, skipping alert...
[19:12:46] Detected person (0.99)
[19:12:46] ⏳ Cooldown active, skipping alert...
[19:12:47] Detected person (1.00)
[19:12:47] ⏳ Cooldown active, skipping alert...
[19:12:47] Detected person (0.99)
[19:12:47] ⏳ Cooldown active, skipping alert...
[19:12:48] Detected person (1.00)
[19:12:48] ⏳ Cooldown active, skipping alert...
[19:12:48] Detected person (1.00)
[19:12:48] ⏳ Cooldown active, skipping alert...
[19:12:49] Detected person (1.00)
[19:12:49] ⏳ Cooldown active, skipping alert...
[19:12:49] Detected person (0.98)
[19:12:49] ⏳ Cooldown active, skipping alert...
[19:12:50] Detected person (1.00)
[19:12:50] ⏳ Cooldown active, skipping alert...
[19:12:50] Detected person (1.00)
[19:12:50] ⏳ Cooldown active, skipping alert...
[19:12:50] Detected person (1.00)
[19:12:50] ⏳ Cooldown active, skipping alert...
[19:12:51] Detected person (1.00)
[19:12:51] ⏳ Cooldown active, skipping alert...
[19:12:51] Detected person (1.00)
[19:12:56] 📧 Email alert sent to touheedmasjid05@gmail.com
[19:13:00] 📲 Telegram alert sent to chat_id 1715978704
⏹ Webcam stopped.
[19:29:59] Detected dog (0.31)
[19:30:05] 📧 Email alert sent to touheedmasjid05@gmail.com
[19:30:10] 📲 Telegram alert sent
▶ Webcam started...
[19:30:10] Detected person (1.00)
[19:30:10] ⏳ Cooldown active (30s)
[19:30:11] Detected person (1.00)
[19:30:11] ⏳ Cooldown active (30s)
[19:30:11] Detected person (1.00)
[19:30:11] ⏳ Cooldown active (30s)
[19:30:11] Detected person (1.00)
[19:30:11] ⏳ Cooldown active (30s)
[19:30:12] Detected person (1.00)
[19:30:12] ⏳ Cooldown active (30s)
[19:30:12] Detected person (1.00)
[19:30:12] ⏳ Cooldown active (30s)
[19:30:13] Detected person (1.00)
[19:30:13] Detected person (0.70)
[19:30:13] ⏳ Cooldown active (30s)
[19:30:13] ⏳ Cooldown active (30s)
[19:30:13] Detected person (1.00)
[19:30:13] Detected person (0.68)
[19:30:13] ⏳ Cooldown active (30s)
[19:30:13] ⏳ Cooldown active (30s)
[19:30:13] Detected person (1.00)
[19:30:14] ⏳ Cooldown active (30s)
[19:30:14] Detected person (1.00)
[19:30:14] ⏳ Cooldown active (30s)
[19:30:14] Detected person (1.00)
[19:30:14] Detected person (0.51)
[19:30:14] ⏳ Cooldown active (30s)
[19:30:14] ⏳ Cooldown active (30s)
[19:30:15] Detected person (1.00)
[19:30:15] Detected person (0.87)
[19:30:15] ⏳ Cooldown active (30s)
[19:30:15] ⏳ Cooldown active (30s)
[19:30:15] Detected person (1.00)
[19:30:15] Detected person (0.88)
[19:30:15] ⏳ Cooldown active (30s)
[19:30:15] ⏳ Cooldown active (30s)
[19:30:15] Detected person (1.00)
[19:30:15] ⏳ Cooldown active (30s)
[19:30:16] Detected person (1.00)
[19:30:16] ⏳ Cooldown active (30s)
[19:30:16] Detected person (0.80)
[19:30:16] ⏳ Cooldown active (30s)
[19:30:17] Detected person (0.91)
[19:30:17] ⏳ Cooldown active (30s)
[19:30:17] Detected person (0.99)
[19:30:17] ⏳ Cooldown active (30s)
[19:30:18] Detected person (0.95)
[19:30:18] ⏳ Cooldown active (30s)
[19:30:18] Detected person (0.94)
[19:30:18] ⏳ Cooldown active (30s)
[19:30:19] Detected person (1.00)
[19:30:19] ⏳ Cooldown active (30s)
[19:30:19] Detected person (1.00)
[19:30:19] ⏳ Cooldown active (30s)
[19:30:19] Detected person (1.00)
[19:30:19] ⏳ Cooldown active (30s)
[19:30:20] Detected person (1.00)
[19:30:20] ⏳ Cooldown active (30s)
[19:30:20] Detected person (1.00)
[19:30:20] ⏳ Cooldown active (30s)
[19:30:21] Detected person (1.00)
[19:30:21] ⏳ Cooldown active (30s)
[19:30:21] Detected person (1.00)
[19:30:21] ⏳ Cooldown active (30s)
[19:30:21] Detected person (1.00)
[19:30:21] ⏳ Cooldown active (30s)
[19:30:22] Detected person (1.00)
[19:30:22] ⏳ Cooldown active (30s)
[19:30:22] Detected person (0.99)
[19:30:22] ⏳ Cooldown active (30s)
[19:30:23] Detected person (1.00)
[19:30:23] ⏳ Cooldown active (30s)
[19:30:23] Detected person (1.00)
[19:30:23] ⏳ Cooldown active (30s)
[19:30:23] Detected person (1.00)
[19:30:23] ⏳ Cooldown active (30s)
[19:30:24] Detected person (0.99)
[19:30:24] ⏳ Cooldown active (30s)
[19:30:24] Detected person (1.00)
[19:30:24] ⏳ Cooldown active (30s)
[19:30:25] Detected person (1.00)
[19:30:25] ⏳ Cooldown active (30s)
[19:30:25] Detected person (1.00)
[19:30:25] ⏳ Cooldown active (30s)
[19:30:25] Detected person (1.00)
[19:30:25] ⏳ Cooldown active (30s)
[19:30:26] Detected person (1.00)
[19:30:26] ⏳ Cooldown active (30s)
[19:30:26] Detected person (0.99)
[19:30:26] ⏳ Cooldown active (30s)
[19:30:27] Detected person (0.99)
[19:30:27] Detected bottle (0.37)
[19:30:27] ⏳ Cooldown active (30s)
[19:30:27] Detected person (1.00)
[19:30:27] ⏳ Cooldown active (30s)
[19:30:27] Detected person (1.00)
[19:30:27] ⏳ Cooldown active (30s)
[19:30:28] Detected person (1.00)
[19:30:28] ⏳ Cooldown active (30s)
[19:30:28] Detected person (1.00)
[19:30:28] ⏳ Cooldown active (30s)
[19:30:29] Detected person (1.00)
[19:30:29] ⏳ Cooldown active (30s)
[19:30:29] Detected person (0.99)
[19:30:29] ⏳ Cooldown active (30s)
[19:30:29] Detected person (1.00)
[19:30:35] 📧 Email alert sent to touheedmasjid05@gmail.com
[19:30:39] 📲 Telegram alert sent
[19:30:39] Detected person (1.00)
[19:30:39] ⏳ Cooldown active (30s)
[19:30:39] Detected person (1.00)
[19:30:39] ⏳ Cooldown active (30s)
[19:30:40] Detected person (1.00)
[19:30:40] ⏳ Cooldown active (30s)
[19:30:40] Detected person (1.00)
[19:30:40] ⏳ Cooldown active (30s)
[19:30:41] Detected person (1.00)
[19:30:41] ⏳ Cooldown active (30s)
[19:30:41] Detected person (1.00)
[19:30:41] ⏳ Cooldown active (30s)
[19:30:41] Detected person (1.00)
[19:30:41] ⏳ Cooldown active (30s)
[19:30:42] Detected person (1.00)
[19:30:42] ⏳ Cooldown active (30s)
[19:30:42] Detected person (1.00)
[19:30:42] ⏳ Cooldown active (30s)
[19:30:43] Detected person (1.00)
[19:30:43] ⏳ Cooldown active (30s)
[19:30:43] Detected person (1.00)
[19:30:43] ⏳ Cooldown active (30s)
[19:30:43] Detected person (1.00)
[19:30:43] ⏳ Cooldown active (30s)
[19:30:44] Detected person (1.00)
[19:30:44] ⏳ Cooldown active (30s)
[19:30:44] Detected person (1.00)
[19:30:44] ⏳ Cooldown active (30s)
[19:30:45] Detected person (1.00)
[19:30:45] ⏳ Cooldown active (30s)
[19:30:45] Detected person (1.00)
[19:30:45] ⏳ Cooldown active (30s)
[19:30:45] Detected person (1.00)
[19:30:45] ⏳ Cooldown active (30s)
[19:30:46] Detected person (1.00)
[19:30:46] ⏳ Cooldown active (30s)
[19:30:46] Detected person (1.00)
[19:30:46] ⏳ Cooldown active (30s)
[19:30:47] Detected person (1.00)
[19:30:47] ⏳ Cooldown active (30s)
[19:30:47] Detected person (1.00)
[19:30:47] ⏳ Cooldown active (30s)
[19:30:47] Detected person (1.00)
[19:30:47] ⏳ Cooldown active (30s)
[19:30:48] Detected person (1.00)
[19:30:48] ⏳ Cooldown active (30s)
[19:30:48] Detected person (1.00)
[19:30:48] ⏳ Cooldown active (30s)
[19:30:49] Detected person (1.00)
[19:30:49] ⏳ Cooldown active (30s)
[19:30:49] Detected person (1.00)
[19:30:49] ⏳ Cooldown active (30s)
⏹ Webcam stopped.
⏹ Webcam stopped.
[19:35:38] Detected person (0.86)
[19:35:44] 📧 Email alert sent to touheedmasjid05@gmail.com
[19:35:48] 📲 Telegram alert sent
▶ Webcam started...
[19:35:48] Detected person (1.00)
[19:35:48] ⏳ Cooldown active (30s)
[19:35:49] Detected person (1.00)
[19:35:49] ⏳ Cooldown active (30s)
[19:35:49] Detected person (1.00)
[19:35:49] ⏳ Cooldown active (30s)
[19:35:49] Detected person (1.00)
[19:35:49] ⏳ Cooldown active (30s)
[19:35:50] Detected person (1.00)
[19:35:50] ⏳ Cooldown active (30s)
[19:35:50] Detected person (0.99)
[19:35:50] ⏳ Cooldown active (30s)
[19:35:51] Detected person (1.00)
[19:35:51] ⏳ Cooldown active (30s)
[19:35:51] Detected person (1.00)
[19:35:51] ⏳ Cooldown active (30s)
[19:35:51] Detected person (1.00)
[19:35:51] ⏳ Cooldown active (30s)
[19:35:52] Detected person (1.00)
[19:35:52] ⏳ Cooldown active (30s)
[19:35:52] Detected person (1.00)
[19:35:52] ⏳ Cooldown active (30s)
[19:35:53] Detected person (1.00)
[19:35:53] ⏳ Cooldown active (30s)
[19:35:53] Detected person (1.00)
[19:35:53] ⏳ Cooldown active (30s)
[19:35:53] Detected person (1.00)
[19:35:53] ⏳ Cooldown active (30s)
[19:35:54] Detected person (1.00)
[19:35:54] ⏳ Cooldown active (30s)
[19:35:54] Detected person (1.00)
[19:35:54] ⏳ Cooldown active (30s)
[19:35:55] Detected person (1.00)
[19:35:55] ⏳ Cooldown active (30s)
[19:35:55] Detected person (1.00)
[19:35:55] ⏳ Cooldown active (30s)
[19:35:55] Detected person (1.00)
[19:35:55] ⏳ Cooldown active (30s)
[19:35:56] Detected person (1.00)
[19:35:56] ⏳ Cooldown active (30s)
[19:35:56] Detected person (1.00)
[19:35:56] ⏳ Cooldown active (30s)
[19:35:57] Detected person (1.00)
[19:35:57] ⏳ Cooldown active (30s)
[19:35:57] Detected person (1.00)
[19:35:57] ⏳ Cooldown active (30s)
[19:35:57] Detected person (1.00)
[19:35:57] ⏳ Cooldown active (30s)
[19:35:58] Detected person (1.00)
[19:35:58] ⏳ Cooldown active (30s)
[19:35:58] Detected person (1.00)
[19:35:58] ⏳ Cooldown active (30s)
[19:35:59] Detected person (1.00)
[19:35:59] ⏳ Cooldown active (30s)
[19:35:59] Detected person (1.00)
[19:35:59] ⏳ Cooldown active (30s)
[19:35:59] Detected person (1.00)
[19:35:59] ⏳ Cooldown active (30s)
[19:36:00] Detected person (1.00)
[19:36:00] ⏳ Cooldown active (30s)
[19:36:00] Detected person (0.98)
[19:36:00] Detected person (0.42)
[19:36:00] ⏳ Cooldown active (30s)
[19:36:00] ⏳ Cooldown active (30s)
[19:36:01] Detected person (1.00)
[19:36:01] Detected person (0.78)
[19:36:01] ⏳ Cooldown active (30s)
[19:36:01] ⏳ Cooldown active (30s)
[19:36:01] Detected person (1.00)
[19:36:01] Detected person (0.90)
[19:36:01] ⏳ Cooldown active (30s)
[19:36:01] ⏳ Cooldown active (30s)
[19:36:01] Detected person (1.00)
[19:36:01] Detected person (0.90)
[19:36:02] ⏳ Cooldown active (30s)
[19:36:02] ⏳ Cooldown active (30s)
[19:36:02] Detected person (1.00)
[19:36:02] Detected person (0.95)
[19:36:02] ⏳ Cooldown active (30s)
[19:36:02] ⏳ Cooldown active (30s)
[19:36:02] Detected person (1.00)
[19:36:02] Detected person (0.94)
[19:36:02] ⏳ Cooldown active (30s)
[19:36:02] ⏳ Cooldown active (30s)
[19:36:03] Detected person (1.00)
[19:36:03] Detected person (0.97)
[19:36:03] ⏳ Cooldown active (30s)
[19:36:03] ⏳ Cooldown active (30s)
[19:36:03] Detected person (1.00)
[19:36:03] Detected person (0.96)
[19:36:03] ⏳ Cooldown active (30s)
[19:36:03] ⏳ Cooldown active (30s)
[19:36:04] Detected person (1.00)
[19:36:04] Detected person (0.98)
[19:36:04] ⏳ Cooldown active (30s)
[19:36:04] ⏳ Cooldown active (30s)
[19:36:04] Detected person (1.00)
[19:36:04] Detected person (0.98)
[19:36:04] ⏳ Cooldown active (30s)
[19:36:04] ⏳ Cooldown active (30s)
[19:36:05] Detected person (1.00)
[19:36:05] Detected person (0.97)
[19:36:05] ⏳ Cooldown active (30s)
[19:36:05] ⏳ Cooldown active (30s)
[19:36:05] Detected person (1.00)
[19:36:05] Detected person (0.96)
[19:36:05] ⏳ Cooldown active (30s)
[19:36:05] ⏳ Cooldown active (30s)
[19:36:05] Detected person (1.00)
[19:36:05] Detected person (0.92)
[19:36:05] ⏳ Cooldown active (30s)
[19:36:05] ⏳ Cooldown active (30s)
[19:36:06] Detected person (1.00)
[19:36:06] Detected person (0.82)
[19:36:06] ⏳ Cooldown active (30s)
[19:36:06] ⏳ Cooldown active (30s)
[19:36:06] Detected person (1.00)
[19:36:06] Detected person (0.94)
[19:36:06] ⏳ Cooldown active (30s)
[19:36:06] ⏳ Cooldown active (30s)
[19:36:07] Detected person (1.00)
[19:36:07] Detected person (0.98)
[19:36:07] ⏳ Cooldown active (30s)
[19:36:07] ⏳ Cooldown active (30s)
[19:36:07] Detected person (1.00)
[19:36:07] Detected person (0.91)
[19:36:07] ⏳ Cooldown active (30s)
[19:36:07] ⏳ Cooldown active (30s)
[19:36:07] Detected person (1.00)
[19:36:07] Detected person (0.95)
[19:36:07] ⏳ Cooldown active (30s)
[19:36:07] ⏳ Cooldown active (30s)
[19:36:08] Detected person (1.00)
[19:36:08] Detected person (0.95)
[19:36:13] 📧 Email alert sent to touheedmasjid05@gmail.com
[19:36:17] 📲 Telegram alert sent
[19:36:17] ⏳ Cooldown active (30s)
[19:36:18] Detected person (0.99)
[19:36:18] Detected person (1.00)
[19:36:18] ⏳ Cooldown active (30s)
[19:36:18] ⏳ Cooldown active (30s)
[19:36:18] Detected person (1.00)
[19:36:18] Detected person (0.98)
[19:36:18] ⏳ Cooldown active (30s)
[19:36:18] ⏳ Cooldown active (30s)
[19:36:18] Detected person (1.00)
[19:36:18] Detected person (0.97)
[19:36:18] ⏳ Cooldown active (30s)
[19:36:18] ⏳ Cooldown active (30s)
⏹ Webcam stopped.
⏹ Webcam stopped.
[19:42:16] Detected person (0.97)
[19:42:21] 📧 Email alert sent
[19:42:22] 📲 Telegram alert sent
▶ Live View started...
[19:42:23] Detected person (0.47)
[19:42:23] ⏳ Cooldown active (30s)
[19:42:23] Detected person (0.93)
[19:42:23] Detected clock (0.38)
[19:42:23] ⏳ Cooldown active (30s)
[19:42:24] Detected person (0.95)
[19:42:24] Detected clock (0.64)
[19:42:24] ⏳ Cooldown active (30s)
[19:42:24] Detected person (0.91)
[19:42:24] ⏳ Cooldown active (30s)
[19:42:24] Detected person (0.98)
[19:42:24] ⏳ Cooldown active (30s)
[19:42:25] Detected person (1.00)
[19:42:25] ⏳ Cooldown active (30s)
[19:42:25] Detected person (0.98)
[19:42:25] ⏳ Cooldown active (30s)
[19:42:26] Detected person (0.94)
[19:42:26] ⏳ Cooldown active (30s)
[19:42:26] Detected person (0.98)
[19:42:26] ⏳ Cooldown active (30s)
[19:42:27] Detected person (0.99)
[19:42:27] ⏳ Cooldown active (30s)
[19:42:27] Detected person (0.99)
[19:42:27] ⏳ Cooldown active (30s)
[19:42:27] Detected person (0.98)
[19:42:27] ⏳ Cooldown active (30s)
[19:42:28] Detected person (0.99)
[19:42:28] ⏳ Cooldown active (30s)
[19:42:28] Detected person (0.99)
[19:42:28] ⏳ Cooldown active (30s)
[19:42:29] Detected person (0.97)
[19:42:29] ⏳ Cooldown active (30s)
[19:42:29] Detected person (0.54)
[19:42:29] ⏳ Cooldown active (30s)
[19:42:29] Detected dog (0.47)
[19:42:29] ⏳ Cooldown active (30s)
[19:42:30] Detected person (0.61)
[19:42:30] Detected clock (0.32)
[19:42:30] ⏳ Cooldown active (30s)
[19:42:30] Detected person (0.98)
[19:42:30] Detected clock (0.55)
[19:42:30] ⏳ Cooldown active (30s)
[19:42:31] Detected person (0.98)
[19:42:31] ⏳ Cooldown active (30s)
[19:42:31] Detected person (1.00)
[19:42:31] ⏳ Cooldown active (30s)
[19:42:31] Detected person (0.99)
[19:42:31] ⏳ Cooldown active (30s)
[19:42:32] Detected person (0.99)
[19:42:32] ⏳ Cooldown active (30s)
[19:42:32] Detected person (1.00)
[19:42:32] ⏳ Cooldown active (30s)
[19:42:33] Detected person (1.00)
[19:42:33] ⏳ Cooldown active (30s)
[19:42:33] Detected person (1.00)
[19:42:33] ⏳ Cooldown active (30s)
[19:42:33] Detected person (0.98)
[19:42:33] ⏳ Cooldown active (30s)
[19:42:34] Detected person (0.99)
[19:42:34] ⏳ Cooldown active (30s)
[19:42:34] Detected person (1.00)
[19:42:34] ⏳ Cooldown active (30s)
⏹ Live View stopped.
